Using pre-set license
Built from '2020.3/staging' branch; Version is '2020.3.22f1 (e1a7f79fd887) revision 14788599'; Using compiler version '192528614'; Build Type 'Release'
OS: 'Windows 10 Pro; OS build 19043.1415; Version 2009; 64bit' Language: 'en' Physical Memory: 16335 MB
BatchMode: 1, IsHumanControllingUs: 0, StartBugReporterOnCrash: 0, Is64bit: 1, IsPro: 0

COMMAND LINE ARGUMENTS:
H:\Unity\Dependencies\2020.3.22f1\Editor\Unity.exe
-adb2
-batchMode
-noUpm
-name
AssetImportWorker0
-projectPath
H:/Projects/basket
-logFile
Logs/AssetImportWorker0.log
-srvPort
64694
Successfully changed project path to: H:/Projects/basket
H:/Projects/basket
Using Asset Import Pipeline V2.
Refreshing native plugins compatible for Editor in 112.51 ms, found 2 plugins.
Preloading 0 native plugins for Editor in 0.00 ms.
Initialize engine version: 2020.3.22f1 (e1a7f79fd887)
[Subsystems] Discovering subsystems at path H:/Unity/Dependencies/2020.3.22f1/Editor/Data/Resources/UnitySubsystems
[Subsystems] Discovering subsystems at path H:/Projects/basket/Assets
GfxDevice: creating device client; threaded=0
Direct3D:
    Version:  Direct3D 11.0 [level 11.1]
    Renderer: NVIDIA GeForce GTX 1060 6GB (ID=0x1c03)
    Vendor:   
    VRAM:     6052 MB
    Driver:   27.21.14.7005
Initialize mono
Mono path[0] = 'H:/Unity/Dependencies/2020.3.22f1/Editor/Data/Managed'
Mono path[1] = 'H:/Unity/Dependencies/2020.3.22f1/Editor/Data/MonoBleedingEdge/lib/mono/unityjit'
Mono config path = 'H:/Unity/Dependencies/2020.3.22f1/Editor/Data/MonoBleedingEdge/etc'
Using monoOptions --debugger-agent=transport=dt_socket,embedding=1,server=y,suspend=n,address=127.0.0.1:56632
Begin MonoManager ReloadAssembly
Registering precompiled unity dll's ...
Register platform support module: H:/Unity/Dependencies/2020.3.22f1/Editor/Data/PlaybackEngines/WindowsStandaloneSupport/UnityEditor.WindowsStandalone.Extensions.dll
Registered in 0.002448 seconds.
Native extension for WindowsStandalone target not found
Refreshing native plugins compatible for Editor in 105.19 ms, found 2 plugins.
Preloading 0 native plugins for Editor in 0.00 ms.
Mono: successfully reloaded assembly
- Completed reload, in  4.486 seconds
Domain Reload Profiling:
	ReloadAssembly (4487ms)
		BeginReloadAssembly (126ms)
			ExecutionOrderSort (0ms)
			DisableScriptedObjects (0ms)
			BackupInstance (0ms)
			ReleaseScriptingObjects (0ms)
			CreateAndSetChildDomain (2ms)
		EndReloadAssembly (885ms)
			LoadAssemblies (126ms)
			RebuildTransferFunctionScriptingTraits (0ms)
			SetupTypeCache (287ms)
			ReleaseScriptCaches (0ms)
			RebuildScriptCaches (55ms)
			SetupLoadedEditorAssemblies (347ms)
				LogAssemblyErrors (0ms)
				InitializePlatformSupportModulesInManaged (9ms)
				SetLoadedEditorAssemblies (0ms)
				RefreshPlugins (105ms)
				BeforeProcessingInitializeOnLoad (25ms)
				ProcessInitializeOnLoadAttributes (154ms)
				ProcessInitializeOnLoadMethodAttributes (53ms)
				AfterProcessingInitializeOnLoad (0ms)
				EditorAssembliesLoaded (0ms)
			ExecutionOrderSort2 (0ms)
			AwakeInstancesAfterBackupRestoration (0ms)
Platform modules already initialized, skipping
Registering precompiled user dll's ...
Registered in 0.009830 seconds.
Begin MonoManager ReloadAssembly
Native extension for WindowsStandalone target not found
Refreshing native plugins compatible for Editor in 104.62 ms, found 2 plugins.
Preloading 0 native plugins for Editor in 0.00 ms.
Mono: successfully reloaded assembly
- Completed reload, in  2.158 seconds
Domain Reload Profiling:
	ReloadAssembly (2159ms)
		BeginReloadAssembly (297ms)
			ExecutionOrderSort (0ms)
			DisableScriptedObjects (9ms)
			BackupInstance (0ms)
			ReleaseScriptingObjects (0ms)
			CreateAndSetChildDomain (33ms)
		EndReloadAssembly (1752ms)
			LoadAssemblies (204ms)
			RebuildTransferFunctionScriptingTraits (0ms)
			SetupTypeCache (582ms)
			ReleaseScriptCaches (1ms)
			RebuildScriptCaches (94ms)
			SetupLoadedEditorAssemblies (649ms)
				LogAssemblyErrors (0ms)
				InitializePlatformSupportModulesInManaged (11ms)
				SetLoadedEditorAssemblies (0ms)
				RefreshPlugins (105ms)
				BeforeProcessingInitializeOnLoad (144ms)
				ProcessInitializeOnLoadAttributes (366ms)
				ProcessInitializeOnLoadMethodAttributes (17ms)
				AfterProcessingInitializeOnLoad (5ms)
				EditorAssembliesLoaded (0ms)
			ExecutionOrderSort2 (0ms)
			AwakeInstancesAfterBackupRestoration (13ms)
Platform modules already initialized, skipping
========================================================================
Worker process is ready to serve import requests
Launched and connected shader compiler UnityShaderCompiler.exe after 0.22 seconds
Refreshing native plugins compatible for Editor in 1.05 ms, found 2 plugins.
Preloading 0 native plugins for Editor in 0.00 ms.
Unloading 2953 Unused Serialized files (Serialized files now loaded: 0)
System memory in use before: 130.4 MB.
System memory in use after: 130.6 MB.

Unloading 33 unused Assets to reduce memory usage. Loaded Objects now: 3374.
Total: 6.089500 ms (FindLiveObjects: 0.406600 ms CreateObjectMapping: 0.126400 ms MarkObjects: 5.425400 ms  DeleteObjects: 0.128900 ms)

AssetImportParameters requested are different than current active one (requested -> active):
  custom:framework-win-MediaFoundation: 216162199b28c13a410421893ffa2e32 -> 
  custom:video-decoder-ogg-theora: a1e56fd34408186e4bbccfd4996cb3dc -> 
  custom:container-muxer-webm: aa71ff27fc2769a1b78a27578f13a17b -> 
  custom:container-demuxer-webm: 4f35f7cbe854078d1ac9338744f61a02 -> 
  custom:container-demuxer-ogg: 62fdf1f143b41e24485cea50d1cbac27 -> 
  custom:video-encoder-webm-vp8: eb34c28f22e8b96e1ab97ce403110664 -> 
  custom:video-decoder-webm-vp8: 9c59270c3fd7afecdb556c50c9e8de78 -> 
  custom:audio-decoder-ogg-vorbis: bf7c407c2cedff20999df2af8eb42d56 -> 
  custom:audio-encoder-webm-vorbis: bf7c407c2cedff20999df2af8eb42d56 -> 
========================================================================
Received Import Request.
  path: Assets/PreFabs/Basket.prefab
  artifactKey: Guid(e0b4153db7281ea40b8c5e06caddbf2a) Importer(815301076,1909f56bfc062723c751e8b465ee728b)
Start importing Assets/PreFabs/Basket.prefab using Guid(e0b4153db7281ea40b8c5e06caddbf2a) Importer(815301076,1909f56bfc062723c751e8b465ee728b)  -> (artifact id: '03edad9e5a4f16fc18ea471fe20153ba') in 0.508850 seconds 
  Import took 0.516168 seconds .

========================================================================
Received Prepare
Refreshing native plugins compatible for Editor in 12.26 ms, found 2 plugins.
Preloading 0 native plugins for Editor in 0.00 ms.
Unloading 26 Unused Serialized files (Serialized files now loaded: 0)
System memory in use before: 71.7 MB.
System memory in use after: 71.9 MB.

Unloading 26 unused Assets to reduce memory usage. Loaded Objects now: 3446.
Total: 6.543500 ms (FindLiveObjects: 0.396300 ms CreateObjectMapping: 0.126600 ms MarkObjects: 5.991400 ms  DeleteObjects: 0.028000 ms)

AssetImportParameters requested are different than current active one (requested -> active):
  custom:framework-win-MediaFoundation: 216162199b28c13a410421893ffa2e32 -> 
  custom:video-decoder-ogg-theora: a1e56fd34408186e4bbccfd4996cb3dc -> 
  custom:container-muxer-webm: aa71ff27fc2769a1b78a27578f13a17b -> 
  custom:container-demuxer-webm: 4f35f7cbe854078d1ac9338744f61a02 -> 
  custom:container-demuxer-ogg: 62fdf1f143b41e24485cea50d1cbac27 -> 
  custom:video-encoder-webm-vp8: eb34c28f22e8b96e1ab97ce403110664 -> 
  custom:video-decoder-webm-vp8: 9c59270c3fd7afecdb556c50c9e8de78 -> 
  custom:audio-decoder-ogg-vorbis: bf7c407c2cedff20999df2af8eb42d56 -> 
  custom:audio-encoder-webm-vorbis: bf7c407c2cedff20999df2af8eb42d56 -> 
========================================================================
Received Import Request.
  Time since last request: 10.139292 seconds.
  path: Assets/PreFabs/Basket.prefab
  artifactKey: Guid(e0b4153db7281ea40b8c5e06caddbf2a) Importer(815301076,1909f56bfc062723c751e8b465ee728b)
Start importing Assets/PreFabs/Basket.prefab using Guid(e0b4153db7281ea40b8c5e06caddbf2a) Importer(815301076,1909f56bfc062723c751e8b465ee728b)  -> (artifact id: '7236c6174fd7393dc6a514571633309b') in 0.038118 seconds 
  Import took 0.045896 seconds .

========================================================================
Received Import Request.
  Time since last request: 2.916221 seconds.
  path: Assets/PreFabs/Basket.prefab
  artifactKey: Guid(e0b4153db7281ea40b8c5e06caddbf2a) Importer(815301076,1909f56bfc062723c751e8b465ee728b)
Start importing Assets/PreFabs/Basket.prefab using Guid(e0b4153db7281ea40b8c5e06caddbf2a) Importer(815301076,1909f56bfc062723c751e8b465ee728b)  -> (artifact id: '7bcb23b0dcac091050a6f60e30f44e3a') in 0.022712 seconds 
  Import took 0.067231 seconds .

========================================================================
Received Import Request.
  Time since last request: 6.030977 seconds.
  path: Assets/PreFabs/Basket.prefab
  artifactKey: Guid(e0b4153db7281ea40b8c5e06caddbf2a) Importer(815301076,1909f56bfc062723c751e8b465ee728b)
Start importing Assets/PreFabs/Basket.prefab using Guid(e0b4153db7281ea40b8c5e06caddbf2a) Importer(815301076,1909f56bfc062723c751e8b465ee728b)  -> (artifact id: '9e3a245a6b04e658d6189cd89bad5c54') in 0.022716 seconds 
  Import took 0.054406 seconds .

========================================================================
Received Import Request.
  Time since last request: 64.906754 seconds.
  path: Assets/PreFabs/Basket.prefab
  artifactKey: Guid(e0b4153db7281ea40b8c5e06caddbf2a) Importer(815301076,1909f56bfc062723c751e8b465ee728b)
Start importing Assets/PreFabs/Basket.prefab using Guid(e0b4153db7281ea40b8c5e06caddbf2a) Importer(815301076,1909f56bfc062723c751e8b465ee728b)  -> (artifact id: '50bf8c6e2f802f990f238397336cee69') in 0.023143 seconds 
  Import took 0.052661 seconds .

========================================================================
Received Import Request.
  Time since last request: 1.348095 seconds.
  path: Assets/PreFabs/Basket.prefab
  artifactKey: Guid(e0b4153db7281ea40b8c5e06caddbf2a) Importer(815301076,1909f56bfc062723c751e8b465ee728b)
Start importing Assets/PreFabs/Basket.prefab using Guid(e0b4153db7281ea40b8c5e06caddbf2a) Importer(815301076,1909f56bfc062723c751e8b465ee728b)  -> (artifact id: 'ed352905bcb511f705310f01ae361281') in 0.022430 seconds 
  Import took 0.029542 seconds .

========================================================================
Received Import Request.
  Time since last request: 2.447183 seconds.
  path: Assets/PreFabs/Basket.prefab
  artifactKey: Guid(e0b4153db7281ea40b8c5e06caddbf2a) Importer(815301076,1909f56bfc062723c751e8b465ee728b)
Start importing Assets/PreFabs/Basket.prefab using Guid(e0b4153db7281ea40b8c5e06caddbf2a) Importer(815301076,1909f56bfc062723c751e8b465ee728b)  -> (artifact id: '990608a89fba5262a4922da4f8b1e4c0') in 0.018341 seconds 
  Import took 0.044720 seconds .

========================================================================
Received Prepare
Registering precompiled user dll's ...
Registered in 0.008758 seconds.
Begin MonoManager ReloadAssembly
Native extension for WindowsStandalone target not found
Refreshing native plugins compatible for Editor in 1.37 ms, found 2 plugins.
Preloading 0 native plugins for Editor in 0.00 ms.
Mono: successfully reloaded assembly
- Completed reload, in  1.990 seconds
Domain Reload Profiling:
	ReloadAssembly (1991ms)
		BeginReloadAssembly (254ms)
			ExecutionOrderSort (0ms)
			DisableScriptedObjects (12ms)
			BackupInstance (0ms)
			ReleaseScriptingObjects (0ms)
			CreateAndSetChildDomain (60ms)
		EndReloadAssembly (1630ms)
			LoadAssemblies (200ms)
			RebuildTransferFunctionScriptingTraits (0ms)
			SetupTypeCache (585ms)
			ReleaseScriptCaches (2ms)
			RebuildScriptCaches (73ms)
			SetupLoadedEditorAssemblies (527ms)
				LogAssemblyErrors (0ms)
				InitializePlatformSupportModulesInManaged (7ms)
				SetLoadedEditorAssemblies (1ms)
				RefreshPlugins (1ms)
				BeforeProcessingInitializeOnLoad (169ms)
				ProcessInitializeOnLoadAttributes (329ms)
				ProcessInitializeOnLoadMethodAttributes (16ms)
				AfterProcessingInitializeOnLoad (4ms)
				EditorAssembliesLoaded (0ms)
			ExecutionOrderSort2 (0ms)
			AwakeInstancesAfterBackupRestoration (28ms)
Platform modules already initialized, skipping
Switching build target platform(19) subTarget(0) extendedPlatform(0) -> platform(13) subTarget(537395200) extendedPlatform(0)
Refreshing native plugins compatible for Editor in 1.11 ms, found 2 plugins.
Preloading 0 native plugins for Editor in 0.00 ms.
Unloading 2834 Unused Serialized files (Serialized files now loaded: 0)
System memory in use before: 126.6 MB.
System memory in use after: 126.8 MB.

Unloading 28 unused Assets to reduce memory usage. Loaded Objects now: 3421.
Total: 6.286200 ms (FindLiveObjects: 0.482900 ms CreateObjectMapping: 0.127000 ms MarkObjects: 5.595400 ms  DeleteObjects: 0.078500 ms)

AssetImportParameters requested are different than current active one (requested -> active):
  custom:framework-win-MediaFoundation: 216162199b28c13a410421893ffa2e32 -> 
  custom:video-decoder-ogg-theora: a1e56fd34408186e4bbccfd4996cb3dc -> 
  custom:container-muxer-webm: aa71ff27fc2769a1b78a27578f13a17b -> 
  custom:container-demuxer-webm: 4f35f7cbe854078d1ac9338744f61a02 -> 
  custom:container-demuxer-ogg: 62fdf1f143b41e24485cea50d1cbac27 -> 
  custom:video-encoder-webm-vp8: eb34c28f22e8b96e1ab97ce403110664 -> 
  custom:video-decoder-webm-vp8: 9c59270c3fd7afecdb556c50c9e8de78 -> 
  custom:graphics/normal-map-encoding: 01000000000000000000000000000000 -> 02000000000000000000000000000000
  custom:audio-decoder-ogg-vorbis: bf7c407c2cedff20999df2af8eb42d56 -> 
  custom:audio-encoder-webm-vorbis: bf7c407c2cedff20999df2af8eb42d56 -> 
========================================================================
Received Import Request.
  Time since last request: 306.170045 seconds.
  path: Assets/PreFabs/Ball.prefab
  artifactKey: Guid(ec8785de3d2ce154a92f2ac4d521ecb7) Importer(815301076,1909f56bfc062723c751e8b465ee728b)
Start importing Assets/PreFabs/Ball.prefab using Guid(ec8785de3d2ce154a92f2ac4d521ecb7) Importer(815301076,1909f56bfc062723c751e8b465ee728b)  -> (artifact id: 'ce7ca576a8f05eb42f6430a8f868eb81') in 0.318529 seconds 
  Import took 0.326602 seconds .

========================================================================
Received Prepare
Registering precompiled user dll's ...
Registered in 0.009109 seconds.
Begin MonoManager ReloadAssembly
Native extension for WindowsStandalone target not found
Refreshing native plugins compatible for Editor in 1.05 ms, found 2 plugins.
Preloading 0 native plugins for Editor in 0.00 ms.
Mono: successfully reloaded assembly
- Completed reload, in  1.995 seconds
Domain Reload Profiling:
	ReloadAssembly (1996ms)
		BeginReloadAssembly (228ms)
			ExecutionOrderSort (0ms)
			DisableScriptedObjects (12ms)
			BackupInstance (0ms)
			ReleaseScriptingObjects (0ms)
			CreateAndSetChildDomain (62ms)
		EndReloadAssembly (1650ms)
			LoadAssemblies (211ms)
			RebuildTransferFunctionScriptingTraits (0ms)
			SetupTypeCache (583ms)
			ReleaseScriptCaches (2ms)
			RebuildScriptCaches (78ms)
			SetupLoadedEditorAssemblies (532ms)
				LogAssemblyErrors (0ms)
				InitializePlatformSupportModulesInManaged (7ms)
				SetLoadedEditorAssemblies (1ms)
				RefreshPlugins (1ms)
				BeforeProcessingInitializeOnLoad (169ms)
				ProcessInitializeOnLoadAttributes (334ms)
				ProcessInitializeOnLoadMethodAttributes (16ms)
				AfterProcessingInitializeOnLoad (4ms)
				EditorAssembliesLoaded (0ms)
			ExecutionOrderSort2 (0ms)
			AwakeInstancesAfterBackupRestoration (29ms)
Platform modules already initialized, skipping
Switching build target platform(19) subTarget(0) extendedPlatform(0) -> platform(13) subTarget(537395200) extendedPlatform(0)
Refreshing native plugins compatible for Editor in 1.21 ms, found 2 plugins.
Preloading 0 native plugins for Editor in 0.00 ms.
Unloading 2834 Unused Serialized files (Serialized files now loaded: 0)
System memory in use before: 126.8 MB.
System memory in use after: 127.0 MB.

Unloading 28 unused Assets to reduce memory usage. Loaded Objects now: 3459.
Total: 6.370800 ms (FindLiveObjects: 0.387000 ms CreateObjectMapping: 0.125300 ms MarkObjects: 5.819400 ms  DeleteObjects: 0.037400 ms)

AssetImportParameters requested are different than current active one (requested -> active):
  custom:framework-win-MediaFoundation: 216162199b28c13a410421893ffa2e32 -> 
  custom:video-decoder-ogg-theora: a1e56fd34408186e4bbccfd4996cb3dc -> 
  custom:container-muxer-webm: aa71ff27fc2769a1b78a27578f13a17b -> 
  custom:container-demuxer-webm: 4f35f7cbe854078d1ac9338744f61a02 -> 
  custom:container-demuxer-ogg: 62fdf1f143b41e24485cea50d1cbac27 -> 
  custom:video-encoder-webm-vp8: eb34c28f22e8b96e1ab97ce403110664 -> 
  custom:video-decoder-webm-vp8: 9c59270c3fd7afecdb556c50c9e8de78 -> 
  custom:graphics/normal-map-encoding: 01000000000000000000000000000000 -> 02000000000000000000000000000000
  custom:audio-decoder-ogg-vorbis: bf7c407c2cedff20999df2af8eb42d56 -> 
  custom:audio-encoder-webm-vorbis: bf7c407c2cedff20999df2af8eb42d56 -> 
========================================================================
Received Import Request.
  Time since last request: 77.999339 seconds.
  path: Assets/PreFabs/Basket.prefab
  artifactKey: Guid(e0b4153db7281ea40b8c5e06caddbf2a) Importer(815301076,1909f56bfc062723c751e8b465ee728b)
Start importing Assets/PreFabs/Basket.prefab using Guid(e0b4153db7281ea40b8c5e06caddbf2a) Importer(815301076,1909f56bfc062723c751e8b465ee728b)  -> (artifact id: '4d62385135d33fa922dbd4e7f4b63986') in 0.290762 seconds 
  Import took 0.343392 seconds .

========================================================================
Received Import Request.
  Time since last request: 155.071394 seconds.
  path: Assets/PreFabs/Basket.prefab
  artifactKey: Guid(e0b4153db7281ea40b8c5e06caddbf2a) Importer(815301076,1909f56bfc062723c751e8b465ee728b)
Start importing Assets/PreFabs/Basket.prefab using Guid(e0b4153db7281ea40b8c5e06caddbf2a) Importer(815301076,1909f56bfc062723c751e8b465ee728b)  -> (artifact id: 'a9c3074901e770f8278b3c32978b13d7') in 0.019951 seconds 
  Import took 0.027176 seconds .

========================================================================
Received Import Request.
  Time since last request: 1.539101 seconds.
  path: Assets/PreFabs/Basket.prefab
  artifactKey: Guid(e0b4153db7281ea40b8c5e06caddbf2a) Importer(815301076,1909f56bfc062723c751e8b465ee728b)
Start importing Assets/PreFabs/Basket.prefab using Guid(e0b4153db7281ea40b8c5e06caddbf2a) Importer(815301076,1909f56bfc062723c751e8b465ee728b)  -> (artifact id: 'e460ebf362543daf1e756f320e287b3c') in 0.019940 seconds 
  Import took 0.026985 seconds .

========================================================================
Received Import Request.
  Time since last request: 3.014972 seconds.
  path: Assets/PreFabs/Basket.prefab
  artifactKey: Guid(e0b4153db7281ea40b8c5e06caddbf2a) Importer(815301076,1909f56bfc062723c751e8b465ee728b)
Start importing Assets/PreFabs/Basket.prefab using Guid(e0b4153db7281ea40b8c5e06caddbf2a) Importer(815301076,1909f56bfc062723c751e8b465ee728b)  -> (artifact id: '278ae0b812e8eff7f2c7adfbe44aefb8') in 0.019056 seconds 
  Import took 0.050876 seconds .

========================================================================
Received Import Request.
  Time since last request: 2.363630 seconds.
  path: Assets/PreFabs/Basket.prefab
  artifactKey: Guid(e0b4153db7281ea40b8c5e06caddbf2a) Importer(815301076,1909f56bfc062723c751e8b465ee728b)
Start importing Assets/PreFabs/Basket.prefab using Guid(e0b4153db7281ea40b8c5e06caddbf2a) Importer(815301076,1909f56bfc062723c751e8b465ee728b)  -> (artifact id: 'b661c5eae58e3edc32a538af91259496') in 0.018775 seconds 
  Import took 0.025732 seconds .

========================================================================
Received Import Request.
  Time since last request: 4.259968 seconds.
  path: Assets/PreFabs/Basket.prefab
  artifactKey: Guid(e0b4153db7281ea40b8c5e06caddbf2a) Importer(815301076,1909f56bfc062723c751e8b465ee728b)
Start importing Assets/PreFabs/Basket.prefab using Guid(e0b4153db7281ea40b8c5e06caddbf2a) Importer(815301076,1909f56bfc062723c751e8b465ee728b)  -> (artifact id: '4312399392c87018b48efbe8e290a436') in 0.018825 seconds 
  Import took 0.041716 seconds .

========================================================================
Received Import Request.
  Time since last request: 109.919581 seconds.
  path: Assets/Scenes/SampleScene.unity
  artifactKey: Guid(9fc0d4010bbf28b4594072e72b8655ab) Importer(815301076,1909f56bfc062723c751e8b465ee728b)
Start importing Assets/Scenes/SampleScene.unity using Guid(9fc0d4010bbf28b4594072e72b8655ab) Importer(815301076,1909f56bfc062723c751e8b465ee728b)  -> (artifact id: '5f688384b9115c030dcf52b7746e465b') in 0.010374 seconds 
  Import took 0.352394 seconds .

========================================================================
Received Prepare
Refreshing native plugins compatible for Editor in 11.93 ms, found 2 plugins.
Preloading 0 native plugins for Editor in 0.00 ms.
Unloading 26 Unused Serialized files (Serialized files now loaded: 0)
System memory in use before: 78.9 MB.
System memory in use after: 79.1 MB.

Unloading 26 unused Assets to reduce memory usage. Loaded Objects now: 3522.
Total: 7.159300 ms (FindLiveObjects: 0.406900 ms CreateObjectMapping: 0.121300 ms MarkObjects: 6.596400 ms  DeleteObjects: 0.033400 ms)

AssetImportParameters requested are different than current active one (requested -> active):
  custom:framework-win-MediaFoundation: 216162199b28c13a410421893ffa2e32 -> 
  custom:video-decoder-ogg-theora: a1e56fd34408186e4bbccfd4996cb3dc -> 
  custom:container-muxer-webm: aa71ff27fc2769a1b78a27578f13a17b -> 
  custom:container-demuxer-webm: 4f35f7cbe854078d1ac9338744f61a02 -> 
  custom:container-demuxer-ogg: 62fdf1f143b41e24485cea50d1cbac27 -> 
  custom:video-encoder-webm-vp8: eb34c28f22e8b96e1ab97ce403110664 -> 
  custom:video-decoder-webm-vp8: 9c59270c3fd7afecdb556c50c9e8de78 -> 
  custom:audio-decoder-ogg-vorbis: bf7c407c2cedff20999df2af8eb42d56 -> 
  custom:audio-encoder-webm-vorbis: bf7c407c2cedff20999df2af8eb42d56 -> 
AssetImportWorkerClient::OnTransportError - code=2 error=End of file
